<?xml version="1.0" encoding="utf-8"?>
<coverage line-rate="0.9925" branch-rate="0.9285" version="1.9" timestamp="1743185911" lines-covered="133" lines-valid="134" branches-covered="13" branches-valid="14">
  <sources>
    <source>C:\Users\roliv\Documents\Testes\teste-backend-v3\TheatricalPlayersRefactoringKata\</source>
  </sources>
  <packages>
    <package name="TheatricalPlayersRefactoringKata" line-rate="0.9925" branch-rate="0.9285" complexity="39">
      <classes>
        <class name="TheatricalPlayersRefactoringKata.Invoice" filename="Invoice.cs" line-rate="1" branch-rate="1" complexity="3">
          <methods>
            <method name="get_Customer" signature="()" line-rate="1" branch-rate="1" complexity="1">
              <lines>
                <line number="8" hits="3" branch="False" />
              </lines>
            </method>
            <method name="get_Performances" signature="()" line-rate="1" branch-rate="1" complexity="1">
              <lines>
                <line number="9" hits="3" branch="False" />
              </lines>
            </method>
            <method name=".ctor" signature="(System.String,System.Collections.Generic.List`1&lt;TheatricalPlayersRefactoringKata.Performance&gt;)" line-rate="1" branch-rate="1" complexity="1">
              <lines>
                <line number="11" hits="3" branch="False" />
                <line number="12" hits="3" branch="False" />
                <line number="13" hits="3" branch="False" />
                <line number="14" hits="3" branch="False" />
                <line number="15" hits="3" branch="False" />
              </lines>
            </method>
          </methods>
          <lines>
            <line number="8" hits="3" branch="False" />
            <line number="9" hits="3" branch="False" />
            <line number="11" hits="3" branch="False" />
            <line number="12" hits="3" branch="False" />
            <line number="13" hits="3" branch="False" />
            <line number="14" hits="3" branch="False" />
            <line number="15" hits="3" branch="False" />
          </lines>
        </class>
        <class name="TheatricalPlayersRefactoringKata.InvoiceCalculator" filename="InvoiceCalculator.cs" line-rate="1" branch-rate="1" complexity="3">
          <methods>
            <method name="ProcessInvoice" signature="(TheatricalPlayersRefactoringKata.Invoice)" line-rate="1" branch-rate="1" complexity="2">
              <lines>
                <line number="17" hits="3" branch="False" />
                <line number="18" hits="3" branch="False" />
                <line number="19" hits="3" branch="False" />
                <line number="20" hits="3" branch="False" />
                <line number="21" hits="3" branch="False" />
                <line number="22" hits="3" branch="False" />
                <line number="23" hits="3" branch="False" />
                <line number="24" hits="3" branch="False" />
                <line number="26" hits="31" branch="True" condition-coverage="100% (2/2)">
                  <conditions>
                    <condition number="281" type="jump" coverage="100%" />
                  </conditions>
                </line>
                <line number="27" hits="11" branch="False" />
                <line number="28" hits="11" branch="False" />
                <line number="29" hits="11" branch="False" />
                <line number="30" hits="11" branch="False" />
                <line number="31" hits="11" branch="False" />
                <line number="32" hits="11" branch="False" />
                <line number="33" hits="11" branch="False" />
                <line number="35" hits="11" branch="False" />
                <line number="36" hits="11" branch="False" />
                <line number="37" hits="11" branch="False" />
                <line number="38" hits="11" branch="False" />
                <line number="39" hits="11" branch="False" />
                <line number="40" hits="11" branch="False" />
                <line number="42" hits="11" branch="False" />
                <line number="43" hits="11" branch="False" />
                <line number="44" hits="11" branch="False" />
                <line number="46" hits="3" branch="False" />
                <line number="47" hits="3" branch="False" />
              </lines>
            </method>
            <method name=".ctor" signature="(System.Collections.Generic.Dictionary`2&lt;System.String,TheatricalPlayersRefactoringKata.Play&gt;)" line-rate="1" branch-rate="1" complexity="1">
              <lines>
                <line number="11" hits="3" branch="False" />
                <line number="12" hits="3" branch="False" />
                <line number="13" hits="3" branch="False" />
                <line number="14" hits="3" branch="False" />
              </lines>
            </method>
          </methods>
          <lines>
            <line number="17" hits="3" branch="False" />
            <line number="18" hits="3" branch="False" />
            <line number="19" hits="3" branch="False" />
            <line number="20" hits="3" branch="False" />
            <line number="21" hits="3" branch="False" />
            <line number="22" hits="3" branch="False" />
            <line number="23" hits="3" branch="False" />
            <line number="24" hits="3" branch="False" />
            <line number="26" hits="31" branch="True" condition-coverage="100% (2/2)">
              <conditions>
                <condition number="281" type="jump" coverage="100%" />
              </conditions>
            </line>
            <line number="27" hits="11" branch="False" />
            <line number="28" hits="11" branch="False" />
            <line number="29" hits="11" branch="False" />
            <line number="30" hits="11" branch="False" />
            <line number="31" hits="11" branch="False" />
            <line number="32" hits="11" branch="False" />
            <line number="33" hits="11" branch="False" />
            <line number="35" hits="11" branch="False" />
            <line number="36" hits="11" branch="False" />
            <line number="37" hits="11" branch="False" />
            <line number="38" hits="11" branch="False" />
            <line number="39" hits="11" branch="False" />
            <line number="40" hits="11" branch="False" />
            <line number="42" hits="11" branch="False" />
            <line number="43" hits="11" branch="False" />
            <line number="44" hits="11" branch="False" />
            <line number="46" hits="3" branch="False" />
            <line number="47" hits="3" branch="False" />
            <line number="11" hits="3" branch="False" />
            <line number="12" hits="3" branch="False" />
            <line number="13" hits="3" branch="False" />
            <line number="14" hits="3" branch="False" />
          </lines>
        </class>
        <class name="TheatricalPlayersRefactoringKata.Performance" filename="Performance.cs" line-rate="1" branch-rate="1" complexity="3">
          <methods>
            <method name="get_PlayId" signature="()" line-rate="1" branch-rate="1" complexity="1">
              <lines>
                <line number="6" hits="11" branch="False" />
              </lines>
            </method>
            <method name="get_Audience" signature="()" line-rate="1" branch-rate="1" complexity="1">
              <lines>
                <line number="7" hits="44" branch="False" />
              </lines>
            </method>
            <method name=".ctor" signature="(System.String,System.Int32)" line-rate="1" branch-rate="1" complexity="1">
              <lines>
                <line number="9" hits="11" branch="False" />
                <line number="10" hits="11" branch="False" />
                <line number="11" hits="11" branch="False" />
                <line number="12" hits="11" branch="False" />
                <line number="13" hits="11" branch="False" />
              </lines>
            </method>
          </methods>
          <lines>
            <line number="6" hits="11" branch="False" />
            <line number="7" hits="44" branch="False" />
            <line number="9" hits="11" branch="False" />
            <line number="10" hits="11" branch="False" />
            <line number="11" hits="11" branch="False" />
            <line number="12" hits="11" branch="False" />
            <line number="13" hits="11" branch="False" />
          </lines>
        </class>
        <class name="TheatricalPlayersRefactoringKata.Play" filename="Play.cs" line-rate="1" branch-rate="1" complexity="4">
          <methods>
            <method name="get_Name" signature="()" line-rate="1" branch-rate="1" complexity="1">
              <lines>
                <line number="6" hits="11" branch="False" />
              </lines>
            </method>
            <method name="get_Lines" signature="()" line-rate="1" branch-rate="1" complexity="1">
              <lines>
                <line number="7" hits="11" branch="False" />
              </lines>
            </method>
            <method name="get_Type" signature="()" line-rate="1" branch-rate="1" complexity="1">
              <lines>
                <line number="8" hits="11" branch="False" />
              </lines>
            </method>
            <method name=".ctor" signature="(System.String,System.Int32,System.String)" line-rate="1" branch-rate="1" complexity="1">
              <lines>
                <line number="10" hits="11" branch="False" />
                <line number="11" hits="11" branch="False" />
                <line number="12" hits="11" branch="False" />
                <line number="13" hits="11" branch="False" />
                <line number="14" hits="11" branch="False" />
                <line number="15" hits="11" branch="False" />
              </lines>
            </method>
          </methods>
          <lines>
            <line number="6" hits="11" branch="False" />
            <line number="7" hits="11" branch="False" />
            <line number="8" hits="11" branch="False" />
            <line number="10" hits="11" branch="False" />
            <line number="11" hits="11" branch="False" />
            <line number="12" hits="11" branch="False" />
            <line number="13" hits="11" branch="False" />
            <line number="14" hits="11" branch="False" />
            <line number="15" hits="11" branch="False" />
          </lines>
        </class>
        <class name="TheatricalPlayersRefactoringKata.PlayCalculatorFactory" filename="PlayCalculatorFactory.cs" line-rate="0.8887999999999999" branch-rate="0.8332999999999999" complexity="6">
          <methods>
            <method name="CreateCalculator" signature="(System.String)" line-rate="0.8887999999999999" branch-rate="0.8332999999999999" complexity="6">
              <lines>
                <line number="7" hits="11" branch="False" />
                <line number="8" hits="11" branch="True" condition-coverage="83.33% (5/6)">
                  <conditions>
                    <condition number="16" type="jump" coverage="100%" />
                    <condition number="29" type="jump" coverage="100%" />
                    <condition number="42" type="jump" coverage="50%" />
                  </conditions>
                </line>
                <line number="9" hits="11" branch="False" />
                <line number="10" hits="5" branch="False" />
                <line number="11" hits="3" branch="False" />
                <line number="12" hits="3" branch="False" />
                <line number="13" hits="0" branch="False" />
                <line number="14" hits="11" branch="False" />
                <line number="15" hits="11" branch="False" />
              </lines>
            </method>
          </methods>
          <lines>
            <line number="7" hits="11" branch="False" />
            <line number="8" hits="11" branch="True" condition-coverage="83.33% (5/6)">
              <conditions>
                <condition number="16" type="jump" coverage="100%" />
                <condition number="29" type="jump" coverage="100%" />
                <condition number="42" type="jump" coverage="50%" />
              </conditions>
            </line>
            <line number="9" hits="11" branch="False" />
            <line number="10" hits="5" branch="False" />
            <line number="11" hits="3" branch="False" />
            <line number="12" hits="3" branch="False" />
            <line number="13" hits="0" branch="False" />
            <line number="14" hits="11" branch="False" />
            <line number="15" hits="11" branch="False" />
          </lines>
        </class>
        <class name="TheatricalPlayersRefactoringKata.StatementPrinter" filename="StatementPrinter.cs" line-rate="1" branch-rate="1" complexity="2">
          <methods>
            <method name="Print" signature="(TheatricalPlayersRefactoringKata.Invoice,System.Collections.Generic.Dictionary`2&lt;System.String,TheatricalPlayersRefactoringKata.Play&gt;)" line-rate="1" branch-rate="1" complexity="1">
              <lines>
                <line number="9" hits="2" branch="False" />
                <line number="10" hits="2" branch="False" />
                <line number="11" hits="2" branch="False" />
              </lines>
            </method>
            <method name="Print" signature="(TheatricalPlayersRefactoringKata.Invoice,System.Collections.Generic.Dictionary`2&lt;System.String,TheatricalPlayersRefactoringKata.Play&gt;,TheatricalPlayersRefactoringKata.StatementFormatters.IStatementFormatter)" line-rate="1" branch-rate="1" complexity="1">
              <lines>
                <line number="14" hits="2" branch="False" />
                <line number="15" hits="2" branch="False" />
                <line number="16" hits="2" branch="False" />
                <line number="17" hits="2" branch="False" />
                <line number="18" hits="2" branch="False" />
              </lines>
            </method>
          </methods>
          <lines>
            <line number="9" hits="2" branch="False" />
            <line number="10" hits="2" branch="False" />
            <line number="11" hits="2" branch="False" />
            <line number="14" hits="2" branch="False" />
            <line number="15" hits="2" branch="False" />
            <line number="16" hits="2" branch="False" />
            <line number="17" hits="2" branch="False" />
            <line number="18" hits="2" branch="False" />
          </lines>
        </class>
        <class name="TheatricalPlayersRefactoringKata.StatementFormatters.TextFormatter" filename="StatementFormatters\TextFormatter.cs" line-rate="1" branch-rate="1" complexity="2">
          <methods>
            <method name="Format" signature="(TheatricalPlayersRefactoringKata.Models.StatementData)" line-rate="1" branch-rate="1" complexity="2">
              <lines>
                <line number="10" hits="3" branch="False" />
                <line number="11" hits="3" branch="False" />
                <line number="12" hits="3" branch="False" />
                <line number="13" hits="3" branch="False" />
                <line number="14" hits="31" branch="True" condition-coverage="100% (2/2)">
                  <conditions>
                    <condition number="117" type="jump" coverage="100%" />
                  </conditions>
                </line>
                <line number="15" hits="11" branch="False" />
                <line number="16" hits="11" branch="False" />
                <line number="17" hits="11" branch="False" />
                <line number="18" hits="11" branch="False" />
                <line number="19" hits="3" branch="False" />
                <line number="20" hits="3" branch="False" />
                <line number="21" hits="3" branch="False" />
                <line number="22" hits="3" branch="False" />
                <line number="23" hits="3" branch="False" />
              </lines>
            </method>
          </methods>
          <lines>
            <line number="10" hits="3" branch="False" />
            <line number="11" hits="3" branch="False" />
            <line number="12" hits="3" branch="False" />
            <line number="13" hits="3" branch="False" />
            <line number="14" hits="31" branch="True" condition-coverage="100% (2/2)">
              <conditions>
                <condition number="117" type="jump" coverage="100%" />
              </conditions>
            </line>
            <line number="15" hits="11" branch="False" />
            <line number="16" hits="11" branch="False" />
            <line number="17" hits="11" branch="False" />
            <line number="18" hits="11" branch="False" />
            <line number="19" hits="3" branch="False" />
            <line number="20" hits="3" branch="False" />
            <line number="21" hits="3" branch="False" />
            <line number="22" hits="3" branch="False" />
            <line number="23" hits="3" branch="False" />
          </lines>
        </class>
        <class name="TheatricalPlayersRefactoringKata.StatementFormatters.XmlFormatter" filename="StatementFormatters\XmlFormatter.cs" line-rate="1" branch-rate="1" complexity="1">
          <methods>
            <method name="Format" signature="(TheatricalPlayersRefactoringKata.Models.StatementData)" line-rate="1" branch-rate="1" complexity="1">
              <lines>
                <line number="10" hits="1" branch="False" />
                <line number="11" hits="1" branch="False" />
                <line number="12" hits="1" branch="False" />
                <line number="13" hits="1" branch="False" />
                <line number="14" hits="1" branch="False" />
                <line number="15" hits="1" branch="False" />
                <line number="16" hits="2" branch="False" />
                <line number="17" hits="2" branch="False" />
                <line number="18" hits="2" branch="False" />
                <line number="19" hits="2" branch="False" />
                <line number="20" hits="2" branch="False" />
                <line number="21" hits="1" branch="False" />
                <line number="22" hits="1" branch="False" />
                <line number="23" hits="1" branch="False" />
                <line number="24" hits="1" branch="False" />
                <line number="25" hits="1" branch="False" />
                <line number="26" hits="1" branch="False" />
                <line number="27" hits="1" branch="False" />
                <line number="28" hits="1" branch="False" />
              </lines>
            </method>
          </methods>
          <lines>
            <line number="10" hits="1" branch="False" />
            <line number="11" hits="1" branch="False" />
            <line number="12" hits="1" branch="False" />
            <line number="13" hits="1" branch="False" />
            <line number="14" hits="1" branch="False" />
            <line number="15" hits="1" branch="False" />
            <line number="16" hits="2" branch="False" />
            <line number="17" hits="2" branch="False" />
            <line number="18" hits="2" branch="False" />
            <line number="19" hits="2" branch="False" />
            <line number="20" hits="2" branch="False" />
            <line number="21" hits="1" branch="False" />
            <line number="22" hits="1" branch="False" />
            <line number="23" hits="1" branch="False" />
            <line number="24" hits="1" branch="False" />
            <line number="25" hits="1" branch="False" />
            <line number="26" hits="1" branch="False" />
            <line number="27" hits="1" branch="False" />
            <line number="28" hits="1" branch="False" />
          </lines>
        </class>
        <class name="TheatricalPlayersRefactoringKata.PlayCalculators.ComedyCalculator" filename="PlayCalculators\ComedyCalculator.cs" line-rate="1" branch-rate="1" complexity="3">
          <methods>
            <method name="CalculateAmount" signature="(System.Int32,System.Int32)" line-rate="1" branch-rate="1" complexity="2">
              <lines>
                <line number="8" hits="11" branch="False" />
                <line number="9" hits="11" branch="False" />
                <line number="10" hits="11" branch="False" />
                <line number="11" hits="11" branch="True" condition-coverage="100% (2/2)">
                  <conditions>
                    <condition number="42" type="jump" coverage="100%" />
                  </conditions>
                </line>
                <line number="12" hits="8" branch="False" />
                <line number="13" hits="11" branch="False" />
                <line number="14" hits="11" branch="False" />
              </lines>
            </method>
            <method name="CalculateAdditionalCredits" signature="(System.Int32)" line-rate="1" branch-rate="1" complexity="1">
              <lines>
                <line number="16" hits="6" branch="False" />
              </lines>
            </method>
          </methods>
          <lines>
            <line number="8" hits="11" branch="False" />
            <line number="9" hits="11" branch="False" />
            <line number="10" hits="11" branch="False" />
            <line number="11" hits="11" branch="True" condition-coverage="100% (2/2)">
              <conditions>
                <condition number="42" type="jump" coverage="100%" />
              </conditions>
            </line>
            <line number="12" hits="8" branch="False" />
            <line number="13" hits="11" branch="False" />
            <line number="14" hits="11" branch="False" />
            <line number="16" hits="6" branch="False" />
          </lines>
        </class>
        <class name="TheatricalPlayersRefactoringKata.PlayCalculators.HistoryCalculator" filename="PlayCalculators\HistoryCalculator.cs" line-rate="1" branch-rate="1" complexity="2">
          <methods>
            <method name="CalculateAmount" signature="(System.Int32,System.Int32)" line-rate="1" branch-rate="1" complexity="1">
              <lines>
                <line number="10" hits="4" branch="False" />
                <line number="11" hits="4" branch="False" />
                <line number="12" hits="4" branch="False" />
                <line number="13" hits="4" branch="False" />
                <line number="14" hits="4" branch="False" />
                <line number="15" hits="4" branch="False" />
                <line number="16" hits="4" branch="False" />
              </lines>
            </method>
            <method name="CalculateAdditionalCredits" signature="(System.Int32)" line-rate="1" branch-rate="1" complexity="1">
              <lines>
                <line number="18" hits="3" branch="False" />
              </lines>
            </method>
          </methods>
          <lines>
            <line number="10" hits="4" branch="False" />
            <line number="11" hits="4" branch="False" />
            <line number="12" hits="4" branch="False" />
            <line number="13" hits="4" branch="False" />
            <line number="14" hits="4" branch="False" />
            <line number="15" hits="4" branch="False" />
            <line number="16" hits="4" branch="False" />
            <line number="18" hits="3" branch="False" />
          </lines>
        </class>
        <class name="TheatricalPlayersRefactoringKata.PlayCalculators.TragedyCalculator" filename="PlayCalculators\TragedyCalculator.cs" line-rate="1" branch-rate="1" complexity="3">
          <methods>
            <method name="CalculateAmount" signature="(System.Int32,System.Int32)" line-rate="1" branch-rate="1" complexity="2">
              <lines>
                <line number="9" hits="13" branch="False" />
                <line number="10" hits="13" branch="False" />
                <line number="11" hits="13" branch="True" condition-coverage="100% (2/2)">
                  <conditions>
                    <condition number="27" type="jump" coverage="100%" />
                  </conditions>
                </line>
                <line number="12" hits="10" branch="False" />
                <line number="13" hits="13" branch="False" />
                <line number="14" hits="13" branch="False" />
              </lines>
            </method>
            <method name="CalculateAdditionalCredits" signature="(System.Int32)" line-rate="1" branch-rate="1" complexity="1">
              <lines>
                <line number="16" hits="6" branch="False" />
              </lines>
            </method>
          </methods>
          <lines>
            <line number="9" hits="13" branch="False" />
            <line number="10" hits="13" branch="False" />
            <line number="11" hits="13" branch="True" condition-coverage="100% (2/2)">
              <conditions>
                <condition number="27" type="jump" coverage="100%" />
              </conditions>
            </line>
            <line number="12" hits="10" branch="False" />
            <line number="13" hits="13" branch="False" />
            <line number="14" hits="13" branch="False" />
            <line number="16" hits="6" branch="False" />
          </lines>
        </class>
        <class name="TheatricalPlayersRefactoringKata.Models.PerformanceData" filename="Models\PerformanceData.cs" line-rate="1" branch-rate="1" complexity="3">
          <methods>
            <method name="get_PlayName" signature="()" line-rate="1" branch-rate="1" complexity="1">
              <lines>
                <line number="6" hits="28" branch="False" />
              </lines>
            </method>
            <method name="get_Amount" signature="()" line-rate="1" branch-rate="1" complexity="1">
              <lines>
                <line number="7" hits="28" branch="False" />
              </lines>
            </method>
            <method name="get_Audience" signature="()" line-rate="1" branch-rate="1" complexity="1">
              <lines>
                <line number="8" hits="28" branch="False" />
              </lines>
            </method>
          </methods>
          <lines>
            <line number="6" hits="28" branch="False" />
            <line number="7" hits="28" branch="False" />
            <line number="8" hits="28" branch="False" />
          </lines>
        </class>
        <class name="TheatricalPlayersRefactoringKata.Models.StatementData" filename="Models\StatementData.cs" line-rate="1" branch-rate="1" complexity="4">
          <methods>
            <method name="get_Customer" signature="()" line-rate="1" branch-rate="1" complexity="1">
              <lines>
                <line number="6" hits="9" branch="False" />
              </lines>
            </method>
            <method name="get_Performances" signature="()" line-rate="1" branch-rate="1" complexity="1">
              <lines>
                <line number="7" hits="20" branch="False" />
              </lines>
            </method>
            <method name="get_TotalAmount" signature="()" line-rate="1" branch-rate="1" complexity="1">
              <lines>
                <line number="8" hits="32" branch="False" />
              </lines>
            </method>
            <method name="get_TotalCredits" signature="()" line-rate="1" branch-rate="1" complexity="1">
              <lines>
                <line number="9" hits="32" branch="False" />
              </lines>
            </method>
          </methods>
          <lines>
            <line number="6" hits="9" branch="False" />
            <line number="7" hits="20" branch="False" />
            <line number="8" hits="32" branch="False" />
            <line number="9" hits="32" branch="False" />
          </lines>
        </class>
      </classes>
    </package>
  </packages>
</coverage>